""="/home/omaarqui/public_html/wp-content/uploads/2021/01/image0001-720x478-640x425.jpg'"
""="/home/omaarqui/public_html/wp-content/uploads/2021/01/image0001-720x478-460x305.jpg'"
""="/home/omaarqui/public_html/wp-content/uploads/2021/01/image0001-720x478-360x239.jpg'"
""="/home/omaarqui/public_html/wp-content/uploads/2021/01/image0001-720x478-320x212.jpg'"
""="/home/omaarqui/public_html/wp-content/uploads/2021/01/image0017-720x478-640x425.jpg'"
""="/home/omaarqui/public_html/wp-content/uploads/2021/01/image0017-720x478-460x305.jpg'"
""="/home/omaarqui/public_html/wp-content/uploads/2021/01/image0017-720x478-360x239.jpg'"
""="/home/omaarqui/public_html/wp-content/uploads/2021/01/image0017-720x478-320x212.jpg'"
""="/home/omaarqui/public_html/wp-content/uploads/2021/01/Estar-Comedor-1-scaled-540x720.jpg'"
""="/home/omaarqui/public_html/wp-content/uploads/2021/01/Estar-Comedor-1-scaled-540x720-460x613.jpg'"
""="/home/omaarqui/public_html/wp-content/uploads/2021/01/Estar-Comedor-1-scaled-540x720-360x480.jpg'"
""="/home/omaarqui/public_html/wp-content/uploads/2021/01/Estar-Comedor-1-scaled-540x720-320x427.jpg'"
""="/home/omaarqui/public_html/wp-content/uploads/2021/01/somos-1-478x720.jpg'"
""="/home/omaarqui/public_html/wp-content/uploads/2021/01/somos-1-478x720-460x693.jpg'"
""="/home/omaarqui/public_html/wp-content/uploads/2021/01/somos-1-478x720-360x542.jpg'"
""="/home/omaarqui/public_html/wp-content/uploads/2021/01/somos-1-478x720-320x482.jpg'"
""="/home/omaarqui/public_html/wp-content/plugins/instagram-feed/img/placeholder-720x403-640x358.png'"
""="/home/omaarqui/public_html/wp-content/plugins/instagram-feed/img/placeholder-720x403-460x257.png'"
""="/home/omaarqui/public_html/wp-content/plugins/instagram-feed/img/placeholder-720x403-360x202.png'"
""="/home/omaarqui/public_html/wp-content/plugins/instagram-feed/img/placeholder-720x403-320x179.png'"
""="/home/omaarqui/public_html/wp-content/plugins/a3-lazy-load/assets/images/lazy_placeholder-540x555.gif'"
""="/home/omaarqui/public_html/wp-content/plugins/a3-lazy-load/assets/images/lazy_placeholder-540x405.gif'"
""="/home/omaarqui/public_html/wp-content/plugins/a3-lazy-load/assets/images/lazy_placeholder-720x478.gif'"
""="/home/omaarqui/public_html/wp-content/uploads/2021/01/image0013-1024x680-720x478.jpg'"
""="/home/omaarqui/public_html/wp-content/uploads/2021/01/image0026-1024x680-720x478.jpg'"
""="/home/omaarqui/public_html/wp-content/uploads/2021/01/image0001-1024x680-720x478.jpg'"
""="/home/omaarqui/public_html/wp-content/uploads/2021/01/image0002-1024x680-720x478.jpg'"
""="/home/omaarqui/public_html/wp-content/uploads/2021/01/image0005-1024x680-720x478.jpg'"
""="/home/omaarqui/public_html/wp-content/uploads/2021/01/image0008-1024x680-720x478.jpg'"
""="/home/omaarqui/public_html/wp-content/uploads/2021/01/image0017-1024x680-720x478.jpg'"
""="/home/omaarqui/public_html/wp-content/uploads/2021/01/Radio-Palermo-06-1024x680-720x478.jpg'"
""="/home/omaarqui/public_html/wp-content/uploads/2021/01/image0028-1024x680-720x478.jpg'"
""="/home/omaarqui/public_html/wp-content/uploads/2021/01/image0020-1024x680-720x478.jpg'"
""="/home/omaarqui/public_html/wp-content/uploads/2021/02/reformas-casas-oma-arquitectos-478x720.jpg'"
""="/home/omaarqui/public_html/wp-content/uploads/2021/02/reformas-casas-oma-arquitectos-478x720-460x693.jpg'"
""="/home/omaarqui/public_html/wp-content/uploads/2021/02/reformas-casas-oma-arquitectos-478x720-360x542.jpg'"
""="/home/omaarqui/public_html/wp-content/uploads/2021/02/reformas-casas-oma-arquitectos-478x720-320x482.jpg'"
""="/home/omaarqui/public_html/wp-content/plugins/a3-lazy-load/assets/images/lazy_placeholder-300x225.gif'"
""="/home/omaarqui/public_html/wp-content/uploads/2021/02/reformas-casas-oma-arquitectos-360x542.jpg'"
""="/home/omaarqui/public_html/wp-content/uploads/2021/02/reformas-casas-oma-arquitectos-320x482.jpg'"
""="/home/omaarqui/public_html/wp-content/uploads/2021/02/reformas-locales-comerciales-460x693.jpg'"
""="/home/omaarqui/public_html/wp-content/uploads/2021/02/reformas-locales-comerciales-360x542.jpg'"
""="/home/omaarqui/public_html/wp-content/uploads/2021/02/reformas-locales-comerciales-320x482.jpg'"
